Arguments: 
  /Users/ganemone/.nvm/versions/node/v8.9.1/bin/node /usr/local/Cellar/yarn/1.3.2/libexec/bin/yarn.js

PATH: 
  /Users/ganemone/.opam/4.05.0/bin:/Users/ganemone/.yarn/bin:/Users/ganemone/.nvm/versions/node/v8.9.1/bin:/usr/local/sbin:/usr/local/bin:/usr/local/bin:/usr/bin:/bin:/usr/sbin:/sbin:/Users/ganemone/bin

Yarn version: 
  1.3.2

Node version: 
  8.9.1

Platform: 
  darwin x64

npm manifest: 
  {
    "name": "@uber/fusion-plugin-atreyu",
    "version": "0.1.2",
    "description": "A fusion plugin for atreyu",
    "main": "./dist/node.cjs.js",
    "module": "./dist/node.es.js",
    "files": ["dist"],
    "browser": {
      "./dist/node.cjs.js": "./dist/browser.es5.cjs.js",
      "./dist/node.es.js": "./dist/browser.es5.es.js"
    },
    "es2015": {
      "./dist/browser.es5.cjs.js": "./dist/browser.es2015.cjs.js",
      "./dist/browser.es5.es.js": "./dist/browser.es2015.es.js"
    },
    "es2017": {
      "./dist/browser.es5.cjs.js": "./dist/browser.es2017.cjs.js",
      "./dist/browser.es5.es.js": "./dist/browser.es2017.es.js",
      "./dist/browser.es2015.cjs.js": "./dist/browser.es2017.cjs.js",
      "./dist/browser.es2015.es.js": "./dist/browser.es2017.es.js"
    },
    "peerDependencies": {
      "@uber/atreyu": "^5.4.5",
      "fusion-core": "^0.2.3"
    },
    "devDependencies": {
      "@uber/atreyu": "^5.4.5",
      "babel-eslint": "8.0.2",
      "babel-plugin-istanbul": "^4.1.5",
      "create-universal-package": "^2.1.1",
      "eslint": "^4.11.0",
      "eslint-config-fusion": "^0.1.2",
      "eslint-plugin-cup": "^1.0.0",
      "eslint-plugin-flowtype": "^2.39.1",
      "eslint-plugin-prettier": "^2.3.1",
      "eslint-plugin-react": "^7.4.0",
      "fusion-core": "^0.2.3",
      "idl": "^3.1.9",
      "nyc": "^11.3.0",
      "prettier": "1.8.2",
      "tape-cup": "^4.7.1",
      "unitest": "^1.1.0"
    },
    "scripts": {
      "lint": "eslint src/",
      "clean": "rm -rf dist",
      "transpile": "npm run clean && cup build",
      "build-test": "rm -rf dist-tests && NODE_ENV=test cup build-tests",
      "just-test": "unitest --browser=dist-tests/browser.js --node=dist-tests/node.js",
      "test": "npm run lint && npm run build-test && npm run just-test",
      "cover": "npm run build-test && npm run just-cover",
      "just-cover": "nyc --reporter=cobertura npm run just-test",
      "view-cover": "npm run build-test && nyc --reporter=html npm run just-test && open coverage/index.html",
      "prepublish": "npm run transpile"
    },
    "dependencies": {
      "@uber/atreyu": "^5.4.5"
    },
    "engines": {
      "node": ">=8.3.0",
      "npm": ">=5.0.0",
      "yarn": ">=1.0.0"
    }
  }

yarn manifest: 
  No manifest

Lockfile: 
  No lockfile

Trace: 
  Error: https://registry.yarnpkg.com/@uber%2fatreyu: Not found
      at Request.params.callback [as _callback] (/usr/local/Cellar/yarn/1.3.2/libexec/lib/cli.js:62098:18)
      at Request.self.callback (/usr/local/Cellar/yarn/1.3.2/libexec/lib/cli.js:123085:22)
      at emitTwo (events.js:126:13)
      at Request.emit (events.js:214:7)
      at Request.<anonymous> (/usr/local/Cellar/yarn/1.3.2/libexec/lib/cli.js:124068:10)
      at emitOne (events.js:116:13)
      at Request.emit (events.js:211:7)
      at IncomingMessage.<anonymous> (/usr/local/Cellar/yarn/1.3.2/libexec/lib/cli.js:123988:12)
      at Object.onceWrapper (events.js:313:30)
      at emitNone (events.js:111:20)
